C:\Users\max19\Downloads\Programacion6-examen1\WebApp\WebApp\wwwroot\App\Empleado\Edit.js
C:\Users\max19\Downloads\Programacion6-examen1\WebApp\WebApp\wwwroot\App\Empleado\Edit.js.map
C:\Users\max19\Downloads\Programacion6-examen1\WebApp\WebApp\wwwroot\App\Empleado\Grid.js
C:\Users\max19\Downloads\Programacion6-examen1\WebApp\WebApp\wwwroot\App\Empleado\Grid.js.map
C:\Users\max19\Downloads\Programacion6-examen1\WebApp\WebApp\wwwroot\Assets\@types\global.js
C:\Users\max19\Downloads\Programacion6-examen1\WebApp\WebApp\wwwroot\Assets\@types\global.js.map
C:\Users\max19\Downloads\Programacion6-examen1\WebApp\WebApp\wwwroot\Assets\@types\SweetAlert\Sweetalert.js
C:\Users\max19\Downloads\Programacion6-examen1\WebApp\WebApp\wwwroot\Assets\@types\SweetAlert\Sweetalert.js.map
C:\Users\max19\Downloads\Programacion6-examen1\WebApp\WebApp\wwwroot\Assets\@types\bootstrap-validator\bvenums.js
C:\Users\max19\Downloads\Programacion6-examen1\WebApp\WebApp\wwwroot\Assets\@types\bootstrap-validator\bvenums.js.map
C:\Users\max19\Downloads\Programacion6-examen1\WebApp\WebApp\wwwroot\Assets\Plugin\CoreFile\CoreFile.js
C:\Users\max19\Downloads\Programacion6-examen1\WebApp\WebApp\wwwroot\Assets\Plugin\CoreFile\CoreFile.js.map
C:\Users\max19\Downloads\Programacion6-examen1\WebApp\WebApp\wwwroot\Assets\Plugin\axios\AxiosConfig.js
C:\Users\max19\Downloads\Programacion6-examen1\WebApp\WebApp\wwwroot\Assets\Plugin\axios\AxiosConfig.js.map
C:\Users\max19\Downloads\Programacion6-examen1\WebApp\WebApp\wwwroot\Assets\Plugin\bvalidator\FormValidateConfig.js
C:\Users\max19\Downloads\Programacion6-examen1\WebApp\WebApp\wwwroot\Assets\Plugin\bvalidator\FormValidateConfig.js.map
C:\Users\max19\Downloads\Programacion6-examen1\WebApp\WebApp\wwwroot\Assets\Plugin\bvalidator\bv-validators.js
C:\Users\max19\Downloads\Programacion6-examen1\WebApp\WebApp\wwwroot\Assets\Plugin\bvalidator\bv-validators.js.map
C:\Users\max19\Downloads\Programacion6-examen1\WebApp\WebApp\wwwroot\Assets\Plugin\sweetalert\SwalConfig.js
C:\Users\max19\Downloads\Programacion6-examen1\WebApp\WebApp\wwwroot\Assets\Plugin\sweetalert\SwalConfig.js.map
C:\Users\max19\Downloads\Programacion6-examen1\WebApp\WebApp\wwwroot\Assets\Plugin\vue\VueLoaderTemplate.js
C:\Users\max19\Downloads\Programacion6-examen1\WebApp\WebApp\wwwroot\Assets\Plugin\vue\VueLoaderTemplate.js.map
C:\Users\max19\Downloads\Programacion6-examen1\WebApp\WebApp\wwwroot\Scripts\AxiosProvider.js
C:\Users\max19\Downloads\Programacion6-examen1\WebApp\WebApp\wwwroot\Scripts\AxiosProvider.js.map
C:\Users\max19\Downloads\Programacion6-examen1\WebApp\WebApp\wwwroot\Scripts\entity.js
C:\Users\max19\Downloads\Programacion6-examen1\WebApp\WebApp\wwwroot\Scripts\entity.js.map
